mode: atomic
github.com/cloudfoundry-incubator/dropsonde-common/factories/factories.go:14.42,16.2 1 8
github.com/cloudfoundry-incubator/dropsonde-common/factories/factories.go:18.104,29.91 2 3
github.com/cloudfoundry-incubator/dropsonde-common/factories/factories.go:33.2,33.90 1 3
github.com/cloudfoundry-incubator/dropsonde-common/factories/factories.go:37.2,37.18 1 3
github.com/cloudfoundry-incubator/dropsonde-common/factories/factories.go:29.91,31.3 1 1
github.com/cloudfoundry-incubator/dropsonde-common/factories/factories.go:33.90,35.3 1 1
github.com/cloudfoundry-incubator/dropsonde-common/factories/factories.go:40.120,48.2 1 1
github.com/cloudfoundry-incubator/dropsonde-common/factories/factories.go:50.82,56.2 1 0
