mode: atomic
github.com/cloudfoundry-incubator/dropsonde-common/emitter/event_emitter.go:19.75,21.2 1 3
github.com/cloudfoundry-incubator/dropsonde-common/emitter/event_emitter.go:23.55,25.16 2 2
github.com/cloudfoundry-incubator/dropsonde-common/emitter/event_emitter.go:29.2,30.16 2 1
github.com/cloudfoundry-incubator/dropsonde-common/emitter/event_emitter.go:34.2,34.34 1 1
github.com/cloudfoundry-incubator/dropsonde-common/emitter/event_emitter.go:25.16,27.3 1 1
github.com/cloudfoundry-incubator/dropsonde-common/emitter/event_emitter.go:30.16,32.3 1 0
github.com/cloudfoundry-incubator/dropsonde-common/emitter/event_emitter.go:37.32,39.2 1 1
github.com/cloudfoundry-incubator/dropsonde-common/emitter/event_formatter.go:9.68,10.18 1 26
github.com/cloudfoundry-incubator/dropsonde-common/emitter/event_formatter.go:14.2,16.18 2 23
github.com/cloudfoundry-incubator/dropsonde-common/emitter/event_formatter.go:30.2,30.22 1 22
github.com/cloudfoundry-incubator/dropsonde-common/emitter/event_formatter.go:10.18,12.3 1 3
github.com/cloudfoundry-incubator/dropsonde-common/emitter/event_formatter.go:17.2,19.45 2 19
github.com/cloudfoundry-incubator/dropsonde-common/emitter/event_formatter.go:20.2,22.45 2 1
github.com/cloudfoundry-incubator/dropsonde-common/emitter/event_formatter.go:23.2,25.43 2 2
github.com/cloudfoundry-incubator/dropsonde-common/emitter/event_formatter.go:26.2,27.74 1 1
github.com/cloudfoundry-incubator/dropsonde-common/emitter/heartbeat_emitter.go:15.13,17.16 2 1
github.com/cloudfoundry-incubator/dropsonde-common/emitter/heartbeat_emitter.go:17.16,19.3 1 0
github.com/cloudfoundry-incubator/dropsonde-common/emitter/heartbeat_emitter.go:31.83,33.16 2 7
github.com/cloudfoundry-incubator/dropsonde-common/emitter/heartbeat_emitter.go:37.2,47.23 4 6
github.com/cloudfoundry-incubator/dropsonde-common/emitter/heartbeat_emitter.go:33.16,35.3 1 1
github.com/cloudfoundry-incubator/dropsonde-common/emitter/heartbeat_emitter.go:50.52,52.2 1 2
github.com/cloudfoundry-incubator/dropsonde-common/emitter/heartbeat_emitter.go:54.36,58.14 3 4
github.com/cloudfoundry-incubator/dropsonde-common/emitter/heartbeat_emitter.go:62.2,63.19 2 3
github.com/cloudfoundry-incubator/dropsonde-common/emitter/heartbeat_emitter.go:58.14,60.3 1 1
github.com/cloudfoundry-incubator/dropsonde-common/emitter/heartbeat_emitter.go:66.80,71.6 4 6
github.com/cloudfoundry-incubator/dropsonde-common/emitter/heartbeat_emitter.go:71.6,72.10 1 23
github.com/cloudfoundry-incubator/dropsonde-common/emitter/heartbeat_emitter.go:73.3,74.10 1 3
github.com/cloudfoundry-incubator/dropsonde-common/emitter/heartbeat_emitter.go:75.3,78.18 3 17
github.com/cloudfoundry-incubator/dropsonde-common/emitter/heartbeat_emitter.go:83.4,84.18 2 17
github.com/cloudfoundry-incubator/dropsonde-common/emitter/heartbeat_emitter.go:89.4,90.18 2 17
github.com/cloudfoundry-incubator/dropsonde-common/emitter/heartbeat_emitter.go:78.18,80.10 2 0
github.com/cloudfoundry-incubator/dropsonde-common/emitter/heartbeat_emitter.go:84.18,86.10 2 0
github.com/cloudfoundry-incubator/dropsonde-common/emitter/heartbeat_emitter.go:90.18,92.5 1 1
github.com/cloudfoundry-incubator/dropsonde-common/emitter/instrumented_emitter.go:23.61,29.16 5 6
github.com/cloudfoundry-incubator/dropsonde-common/emitter/instrumented_emitter.go:35.2,35.12 1 6
github.com/cloudfoundry-incubator/dropsonde-common/emitter/instrumented_emitter.go:29.16,31.3 1 1
github.com/cloudfoundry-incubator/dropsonde-common/emitter/instrumented_emitter.go:31.4,33.3 1 5
github.com/cloudfoundry-incubator/dropsonde-common/emitter/instrumented_emitter.go:38.86,39.27 1 16
github.com/cloudfoundry-incubator/dropsonde-common/emitter/instrumented_emitter.go:43.2,44.21 2 13
github.com/cloudfoundry-incubator/dropsonde-common/emitter/instrumented_emitter.go:39.27,41.3 1 3
github.com/cloudfoundry-incubator/dropsonde-common/emitter/instrumented_emitter.go:47.45,49.2 1 4
github.com/cloudfoundry-incubator/dropsonde-common/emitter/instrumented_emitter.go:51.70,56.2 3 27
